<?xml version="1.0" encoding="UTF-8"?>
<!-- Generated by org.testng.reporters.JUnitXMLReporter -->
<testsuite ignored="0" hostname="Dell-PC" failures="0" tests="3" name="Test" time="0.214" errors="0" timestamp="2022-03-23T13:13:40 IST">
  <testcase classname="practiceMaven.CreateLeadTest" name="createLead" time="0.032"/>
  <testcase classname="practiceMaven.CreateContactTest" name="createContact" time="0.004"/>
  <testcase classname="practiceMaven.CreateContactTest" name="deleteContact" time="0.01"/>
</testsuite> <!-- Test -->
